c:\users\losmescaleros\documents\visual studio 2013\projects\opengl_glsl\opengl_glsl\debug\vc120.pdb
c:\users\losmescaleros\documents\visual studio 2013\projects\opengl_glsl\opengl_glsl\debug\vc120.idb
c:\users\losmescaleros\documents\visual studio 2013\projects\opengl_glsl\opengl_glsl\debug\barrier.obj
c:\users\losmescaleros\documents\visual studio 2013\projects\opengl_glsl\opengl_glsl\debug\ship.obj
c:\users\losmescaleros\documents\visual studio 2013\projects\opengl_glsl\opengl_glsl\debug\camera.obj
c:\users\losmescaleros\documents\visual studio 2013\projects\opengl_glsl\opengl_glsl\debug\main.obj
c:\users\losmescaleros\documents\visual studio 2013\projects\opengl_glsl\opengl_glsl\debug\modelinstance.obj
c:\users\losmescaleros\documents\visual studio 2013\projects\opengl_glsl\opengl_glsl\debug\alien.obj
c:\users\losmescaleros\documents\visual studio 2013\projects\opengl_glsl\opengl_glsl\debug\game.obj
c:\users\losmescaleros\documents\visual studio 2013\projects\opengl_glsl\opengl_glsl\debug\shot.obj
c:\users\losmescaleros\documents\visual studio 2013\projects\opengl_glsl\opengl_glsl\bin\opengl_glsld.ilk
c:\users\losmescaleros\documents\visual studio 2013\projects\opengl_glsl\opengl_glsl\bin\opengl_glsld.exe
c:\users\losmescaleros\documents\visual studio 2013\projects\opengl_glsl\opengl_glsl\bin\opengl_glsld.pdb
c:\users\losmescaleros\documents\visual studio 2013\projects\opengl_glsl\opengl_glsl\.\bin\opengl_glsld.exe
c:\users\losmescaleros\documents\visual studio 2013\projects\opengl_glsl\opengl_glsl\debug\opengl_glsl.tlog\cl.command.1.tlog
c:\users\losmescaleros\documents\visual studio 2013\projects\opengl_glsl\opengl_glsl\debug\opengl_glsl.tlog\cl.read.1.tlog
c:\users\losmescaleros\documents\visual studio 2013\projects\opengl_glsl\opengl_glsl\debug\opengl_glsl.tlog\cl.write.1.tlog
c:\users\losmescaleros\documents\visual studio 2013\projects\opengl_glsl\opengl_glsl\debug\opengl_glsl.tlog\link.command.1.tlog
c:\users\losmescaleros\documents\visual studio 2013\projects\opengl_glsl\opengl_glsl\debug\opengl_glsl.tlog\link.read.1.tlog
c:\users\losmescaleros\documents\visual studio 2013\projects\opengl_glsl\opengl_glsl\debug\opengl_glsl.tlog\link.write.1.tlog
