Build started 12/6/2014 10:23:29 PM.
     1>Project "C:\Users\LosMescaleros\Documents\Visual Studio 2013\Projects\OpenGL_Shaders\OpenGL_Shaders\OpenGL_Shaders.vcxproj" on node 2 (Rebuild target(s)).
     1>C:\Program Files (x86)\MSBuild\Microsoft.Cpp\v4.0\V120\Microsoft.CppBuild.targets(388,5): warning MSB8028: The intermediate directory (Debug\) contains files shared from another project (OpenGL_Shaders.vcxproj).  This can lead to incorrect clean and rebuild behavior.
     1>ClCompile:
         C:\Program Files (x86)\Microsoft Visual Studio 12.0\VC\bin\CL.exe /c /I"..\extern\glm-0.9.5.4\\" /I"..\extern\glew-1.11.0\include\\" /I"..\extern\freeglut-2.8.1\include\\" /Iinclude\ /Iinclude\ /ZI /nologo /W3 /WX- /sdl /Od /Oy- /D WIN32 /D _DEBUG /D _CONSOLE /D _LIB /D _UNICODE /D UNICODE /Gm /EHsc /RTC1 /MDd /GS /fp:precise /Zc:wchar_t /Zc:forScope /Fo"Debug\\" /Fd"Debug\vc120.pdb" /Gd /TP /analyze- /errorReport:prompt src\Barrier.cpp src\Ship.cpp src\Camera.cpp src\main.cpp
         main.cpp
     1>c:\users\losmescaleros\documents\visual studio 2013\projects\opengl_shaders\opengl_shaders\src\main.cpp(221): warning C4018: '<' : signed/unsigned mismatch
         Camera.cpp
         Ship.cpp
         Barrier.cpp
         Generating Code...
       Link:
         C:\Program Files (x86)\Microsoft Visual Studio 12.0\VC\bin\link.exe /ERRORREPORT:PROMPT /OUT:".\bin\OpenGL_glsld.exe" /INCREMENTAL /NOLOGO /LIBPATH:"..\extern\glew-1.11.0\lib\Debug\Win32" /LIBPATH:"..\extern\freeglut-2.8.1\lib\x86\Debug" freeglut_static.lib glew32sd.lib kernel32.lib user32.lib gdi32.lib winspool.lib comdlg32.lib advapi32.lib shell32.lib ole32.lib oleaut32.lib uuid.lib odbc32.lib odbccp32.lib /MANIFEST /MANIFESTUAC:"level='asInvoker' uiAccess='false'" /manifest:embed /DEBUG /PDB:".\bin\OpenGL_glsld.pdb" /SUBSYSTEM:CONSOLE /TLBID:1 /DYNAMICBASE /NXCOMPAT /IMPLIB:".\bin\OpenGL_glsld.lib" /MACHINE:X86 Debug\Barrier.obj
         Debug\Ship.obj
         Debug\Camera.obj
         Debug\main.obj
     1>LINK : warning LNK4098: defaultlib 'LIBCMTD' conflicts with use of other libs; use /NODEFAULTLIB:library
         OpenGL_Shaders.vcxproj -> C:\Users\LosMescaleros\Documents\Visual Studio 2013\Projects\OpenGL_Shaders\OpenGL_Shaders\.\bin\OpenGL_glsld.exe
     1>Done Building Project "C:\Users\LosMescaleros\Documents\Visual Studio 2013\Projects\OpenGL_Shaders\OpenGL_Shaders\OpenGL_Shaders.vcxproj" (Rebuild target(s)).

Build succeeded.

Time Elapsed 00:00:03.00
